[debug] [2023-11-25T16:13:50.752Z] ----------------------------------------------------------------------
[debug] [2023-11-25T16:13:50.756Z] Command:       C:\Program Files\nodejs\node.exe C:\Users\nafis\AppData\Roaming\npm\node_modules\firebase-tools\lib\bin\firebase.js init
[debug] [2023-11-25T16:13:50.756Z] CLI Version:   12.9.1
[debug] [2023-11-25T16:13:50.756Z] Platform:      win32
[debug] [2023-11-25T16:13:50.756Z] Node Version:  v21.1.0
[debug] [2023-11-25T16:13:50.757Z] Time:          Sat Nov 25 2023 22:13:50 GMT+0600 (Bangladesh Standard Time)
[debug] [2023-11-25T16:13:50.757Z] ----------------------------------------------------------------------
[debug] 
[debug] [2023-11-25T16:13:50.761Z] >>> [apiv2][query] GET https://firebase-public.firebaseio.com/cli.json [none]
[debug] [2023-11-25T16:13:50.928Z] > command requires scopes: ["email","openid","https://www.googleapis.com/auth/cloudplatformprojects.readonly","https://www.googleapis.com/auth/firebase","https://www.googleapis.com/auth/cloud-platform"]
[debug] [2023-11-25T16:13:50.928Z] > authorizing via signed-in user (md.nafish.sadik@gmail.com)
[info] 
     ######## #### ########  ######## ########     ###     ######  ########
     ##        ##  ##     ## ##       ##     ##  ##   ##  ##       ##
     ######    ##  ########  ######   ########  #########  ######  ######
     ##        ##  ##    ##  ##       ##     ## ##     ##       ## ##
     ##       #### ##     ## ######## ########  ##     ##  ######  ########

You're about to initialize a Firebase project in this directory:

  F:\Study\Programming Hero Web Dev Course\Projects File\NFS Camera Zone\nfs-camera-zone-client-side

Before we get started, keep in mind:

  * You are initializing within an existing Firebase project directory

[debug] [2023-11-25T16:13:51.659Z] <<< [apiv2][status] GET https://firebase-public.firebaseio.com/cli.json 200
[debug] [2023-11-25T16:13:51.659Z] <<< [apiv2][body] GET https://firebase-public.firebaseio.com/cli.json {"cloudBuildErrorAfter":1594252800000,"cloudBuildWarnAfter":1590019200000,"defaultNode10After":1594252800000,"minVersion":"3.0.5","node8DeploysDisabledAfter":1613390400000,"node8RuntimeDisabledAfter":1615809600000,"node8WarnAfter":1600128000000}
